<?xml version="1.0" encoding="UTF-8"?>
<!-- Generated by org.testng.reporters.JUnitXMLReporter -->
<testsuite ignored="0" hostname="LAPTOP-LCLJAJ2G" failures="0" tests="6" name="Test" time="33.572" errors="0" timestamp="2023-04-19T00:46:12 IST">
  <testcase classname="testCases.TestCase3" name="testCase03" time="0.507"/>
  <testcase classname="testCases.TestCase4" name="testCase04" time="0.047"/>
  <testcase classname="testCases.TestCase1" name="testCase01" time="0.275"/>
  <testcase classname="testCases.TestCase2" name="testCase02" time="0.044"/>
  <testcase classname="testCases.TestCase5" name="testCase05" time="7.664"/>
  <testcase classname="testCases.TestCase6" name="testCase05" time="0.056"/>
</testsuite> <!-- Test -->
