<?xml version="1.0" encoding="UTF-8"?>
<testng-results ignored="0" total="6" passed="6" failed="0" skipped="0">
  <reporter-output>
  </reporter-output>
  <suite started-at="2023-04-19T00:45:38 IST" name="TestHomePageSuite" finished-at="2023-04-19T00:46:12 IST" duration-ms="33572">
    <groups>
    </groups>
    <test started-at="2023-04-19T00:45:38 IST" name="Test" finished-at="2023-04-19T00:46:12 IST" duration-ms="33572">
      <class name="testCases.TestCase1">
        <test-method is-config="true" signature="openApplication()[pri:0, instance:testCases.TestCase1@192d43ce]" started-at="2023-04-19T00:45:48 IST" name="openApplication" finished-at="2023-04-19T00:45:51 IST" duration-ms="3420" status="PASS">
          <reporter-output>
          </reporter-output>
        </test-method> <!-- openApplication -->
        <test-method signature="testCase01()[pri:0, instance:testCases.TestCase1@192d43ce]" started-at="2023-04-19T00:45:51 IST" name="testCase01" finished-at="2023-04-19T00:45:51 IST" duration-ms="275" status="PASS">
          <reporter-output>
          </reporter-output>
        </test-method> <!-- testCase01 -->
        <test-method is-config="true" signature="closeApplication()[pri:0, instance:testCases.TestCase1@192d43ce]" started-at="2023-04-19T00:45:51 IST" name="closeApplication" finished-at="2023-04-19T00:45:52 IST" duration-ms="684" status="PASS">
          <reporter-output>
          </reporter-output>
        </test-method> <!-- closeApplication -->
      </class> <!-- testCases.TestCase1 -->
      <class name="testCases.TestCase2">
        <test-method is-config="true" signature="openApplication()[pri:0, instance:testCases.TestCase2@72057ecf]" started-at="2023-04-19T00:45:52 IST" name="openApplication" finished-at="2023-04-19T00:45:55 IST" duration-ms="3363" status="PASS">
          <reporter-output>
          </reporter-output>
        </test-method> <!-- openApplication -->
        <test-method signature="testCase02()[pri:0, instance:testCases.TestCase2@72057ecf]" started-at="2023-04-19T00:45:55 IST" name="testCase02" finished-at="2023-04-19T00:45:55 IST" duration-ms="44" status="PASS">
          <reporter-output>
          </reporter-output>
        </test-method> <!-- testCase02 -->
        <test-method is-config="true" signature="closeApplication()[pri:0, instance:testCases.TestCase2@72057ecf]" started-at="2023-04-19T00:45:55 IST" name="closeApplication" finished-at="2023-04-19T00:45:56 IST" duration-ms="688" status="PASS">
          <reporter-output>
          </reporter-output>
        </test-method> <!-- closeApplication -->
      </class> <!-- testCases.TestCase2 -->
      <class name="testCases.TestCase3">
        <test-method is-config="true" signature="openApplication()[pri:0, instance:testCases.TestCase3@3911c2a7]" started-at="2023-04-19T00:45:39 IST" name="openApplication" finished-at="2023-04-19T00:45:42 IST" duration-ms="3823" status="PASS">
          <reporter-output>
          </reporter-output>
        </test-method> <!-- openApplication -->
        <test-method signature="testCase03()[pri:0, instance:testCases.TestCase3@3911c2a7]" started-at="2023-04-19T00:45:42 IST" name="testCase03" finished-at="2023-04-19T00:45:43 IST" duration-ms="507" status="PASS">
          <reporter-output>
          </reporter-output>
        </test-method> <!-- testCase03 -->
        <test-method is-config="true" signature="closeApplication()[pri:0, instance:testCases.TestCase3@3911c2a7]" started-at="2023-04-19T00:45:43 IST" name="closeApplication" finished-at="2023-04-19T00:45:44 IST" duration-ms="654" status="PASS">
          <reporter-output>
          </reporter-output>
        </test-method> <!-- closeApplication -->
      </class> <!-- testCases.TestCase3 -->
      <class name="testCases.TestCase4">
        <test-method is-config="true" signature="openApplication()[pri:0, instance:testCases.TestCase4@5f058f00]" started-at="2023-04-19T00:45:44 IST" name="openApplication" finished-at="2023-04-19T00:45:47 IST" duration-ms="3314" status="PASS">
          <reporter-output>
          </reporter-output>
        </test-method> <!-- openApplication -->
        <test-method signature="testCase04()[pri:0, instance:testCases.TestCase4@5f058f00]" started-at="2023-04-19T00:45:47 IST" name="testCase04" finished-at="2023-04-19T00:45:47 IST" duration-ms="47" status="PASS">
          <reporter-output>
          </reporter-output>
        </test-method> <!-- testCase04 -->
        <test-method is-config="true" signature="closeApplication()[pri:0, instance:testCases.TestCase4@5f058f00]" started-at="2023-04-19T00:45:47 IST" name="closeApplication" finished-at="2023-04-19T00:45:48 IST" duration-ms="688" status="PASS">
          <reporter-output>
          </reporter-output>
        </test-method> <!-- closeApplication -->
      </class> <!-- testCases.TestCase4 -->
      <class name="testCases.TestCase5">
        <test-method is-config="true" signature="openApplication()[pri:0, instance:testCases.TestCase5@1afd44cb]" started-at="2023-04-19T00:45:56 IST" name="openApplication" finished-at="2023-04-19T00:45:59 IST" duration-ms="3388" status="PASS">
          <reporter-output>
          </reporter-output>
        </test-method> <!-- openApplication -->
        <test-method signature="testCase05()[pri:0, instance:testCases.TestCase5@1afd44cb]" started-at="2023-04-19T00:45:59 IST" name="testCase05" finished-at="2023-04-19T00:46:07 IST" duration-ms="7664" status="PASS">
          <reporter-output>
          </reporter-output>
        </test-method> <!-- testCase05 -->
        <test-method is-config="true" signature="closeApplication()[pri:0, instance:testCases.TestCase5@1afd44cb]" started-at="2023-04-19T00:46:07 IST" name="closeApplication" finished-at="2023-04-19T00:46:08 IST" duration-ms="839" status="PASS">
          <reporter-output>
          </reporter-output>
        </test-method> <!-- closeApplication -->
      </class> <!-- testCases.TestCase5 -->
      <class name="testCases.TestCase6">
        <test-method is-config="true" signature="openApplication()[pri:0, instance:testCases.TestCase6@6973b51b]" started-at="2023-04-19T00:46:08 IST" name="openApplication" finished-at="2023-04-19T00:46:11 IST" duration-ms="3388" status="PASS">
          <reporter-output>
          </reporter-output>
        </test-method> <!-- openApplication -->
        <test-method signature="testCase05()[pri:0, instance:testCases.TestCase6@6973b51b]" started-at="2023-04-19T00:46:11 IST" name="testCase05" finished-at="2023-04-19T00:46:11 IST" duration-ms="56" status="PASS">
          <reporter-output>
          </reporter-output>
        </test-method> <!-- testCase05 -->
        <test-method is-config="true" signature="closeApplication()[pri:0, instance:testCases.TestCase6@6973b51b]" started-at="2023-04-19T00:46:11 IST" name="closeApplication" finished-at="2023-04-19T00:46:12 IST" duration-ms="685" status="PASS">
          <reporter-output>
          </reporter-output>
        </test-method> <!-- closeApplication -->
      </class> <!-- testCases.TestCase6 -->
    </test> <!-- Test -->
  </suite> <!-- TestHomePageSuite -->
</testng-results>
